<?xml version="1.0" encoding="UTF-8"?>
<!-- Generated by org.testng.reporters.JUnitXMLReporter -->
<testsuite hostname="DESKTOP-U7DH5MF" ignored="0" name="Default test" tests="1" failures="1" timestamp="26 Mar 2018 05:11:14 GMT" time="33.369" errors="0">
  <testcase name="MVPattachImage" time="24.943" classname="Admin.NewEditor_post_creation">
    <failure type="java.lang.NullPointerException">
      <![CDATA[java.lang.NullPointerExceptionat org.openqa.selenium.remote.RemoteWebDriver.findElements(RemoteWebDriver.java:450)at org.openqa.selenium.remote.RemoteWebDriver.findElementsByXPath(RemoteWebDriver.java:517)at org.openqa.selenium.By$ByXPath.findElements(By.java:356)at org.openqa.selenium.remote.RemoteWebDriver.findElements(RemoteWebDriver.java:402)at org.openqa.selenium.support.ui.ExpectedConditions.findElement(ExpectedConditions.java:882)at org.openqa.selenium.support.ui.ExpectedConditions.access$000(ExpectedConditions.java:44)at org.openqa.selenium.support.ui.ExpectedConditions$7.apply(ExpectedConditions.java:206)at org.openqa.selenium.support.ui.ExpectedConditions$7.apply(ExpectedConditions.java:202)at org.openqa.selenium.support.ui.ExpectedConditions$22.apply(ExpectedConditions.java:644)at org.openqa.selenium.support.ui.ExpectedConditions$22.apply(ExpectedConditions.java:641)at org.openqa.selenium.support.ui.FluentWait.until(FluentWait.java:209)at Common.Adminproperty.findAndClick(Adminproperty.java:166)at Admin.NewEditor_post_creation.MVPattachImage(NewEditor_post_creation.java:65)at sun.reflect.NativeMethodAccessorImpl.invoke0(Native Method)at sun.reflect.NativeMethodAccessorImpl.invoke(Unknown Source)at sun.reflect.DelegatingMethodAccessorImpl.invoke(Unknown Source)at java.lang.reflect.Method.invoke(Unknown Source)at org.testng.internal.MethodInvocationHelper.invokeMethod(MethodInvocationHelper.java:124)at org.testng.internal.Invoker.invokeMethod(Invoker.java:571)at org.testng.internal.Invoker.invokeTestMethod(Invoker.java:707)at org.testng.internal.Invoker.invokeTestMethods(Invoker.java:979)at org.testng.internal.TestMethodWorker.invokeTestMethods(TestMethodWorker.java:125)at org.testng.internal.TestMethodWorker.run(TestMethodWorker.java:109)at org.testng.TestRunner.privateRun(TestRunner.java:648)at org.testng.TestRunner.run(TestRunner.java:505)at org.testng.SuiteRunner.runTest(SuiteRunner.java:455)at org.testng.SuiteRunner.runSequentially(SuiteRunner.java:450)at org.testng.SuiteRunner.privateRun(SuiteRunner.java:415)at org.testng.SuiteRunner.run(SuiteRunner.java:364)at org.testng.SuiteRunnerWorker.runSuite(SuiteRunnerWorker.java:52)at org.testng.SuiteRunnerWorker.run(SuiteRunnerWorker.java:84)at org.testng.TestNG.runSuitesSequentially(TestNG.java:1187)at org.testng.TestNG.runSuitesLocally(TestNG.java:1116)at org.testng.TestNG.runSuites(TestNG.java:1028)at org.testng.TestNG.run(TestNG.java:996)at org.testng.remote.AbstractRemoteTestNG.run(AbstractRemoteTestNG.java:114)at org.testng.remote.RemoteTestNG.initAndRun(RemoteTestNG.java:251)at org.testng.remote.RemoteTestNG.main(RemoteTestNG.java:77)]]>
    </failure>
  </testcase> <!-- MVPattachImage -->
</testsuite> <!-- Default test -->
